[0.311s] DEBUG:colcon:Command line arguments: ['/usr/bin/colcon', 'list', '-p', '--base-paths', '/home/matej/Desktop/summit_xl_ws']
[0.311s] DEBUG:colcon:Parsed command line arguments: Namespace(allow_overriding=[], base_paths=['/home/matej/Desktop/summit_xl_ws'], build_base='build', ignore_user_meta=False, log_base=None, log_level=None, main=<bound method ListVerb.main of <colcon_package_information.verb.list.ListVerb object at 0x7fd9060e0520>>, metas=['./colcon.meta'], names_only=False, packages_above=None, packages_above_and_dependencies=None, packages_above_depth=None, packages_end=None, packages_ignore=None, packages_ignore_regex=None, packages_select=None, packages_select_build_failed=False, packages_select_by_dep=None, packages_select_regex=None, packages_select_test_failures=False, packages_skip=None, packages_skip_build_finished=False, packages_skip_by_dep=None, packages_skip_regex=None, packages_skip_test_passed=False, packages_skip_up_to=None, packages_start=None, packages_up_to=None, packages_up_to_regex=None, paths=None, paths_only=True, topological_graph=False, topological_graph_density=False, topological_graph_dot=False, topological_graph_dot_cluster=False, topological_graph_dot_include_skipped=False, topological_graph_legend=False, topological_order=False, verb_extension=<colcon_package_information.verb.list.ListVerb object at 0x7fd9060e0520>, verb_name='list', verb_parser=<colcon_defaults.argument_parser.defaults.DefaultArgumentsDecorator object at 0x7fd905fb9af0>)
[0.347s] Level 1:colcon.colcon_core.package_discovery:discover_packages(colcon_meta) check parameters
[0.347s] Level 1:colcon.colcon_core.package_discovery:discover_packages(recursive) check parameters
[0.347s] Level 1:colcon.colcon_core.package_discovery:discover_packages(ignore) check parameters
[0.347s] Level 1:colcon.colcon_core.package_discovery:discover_packages(path) check parameters
[0.347s] Level 1:colcon.colcon_core.package_discovery:discover_packages(recursive) discover
[0.347s] INFO:colcon.colcon_core.package_discovery:Crawling recursively for packages in '/home/matej/Desktop/summit_xl_ws'
[0.347s] Level 1:colcon.colcon_core.package_identification:_identify(/home/matej/Desktop/summit_xl_ws) by extensions ['ignore', 'ignore_ament_install']
[0.347s] Level 1:colcon.colcon_core.package_identification:_identify(/home/matej/Desktop/summit_xl_ws) by extension 'ignore'
[0.347s] Level 1:colcon.colcon_core.package_identification:_identify(/home/matej/Desktop/summit_xl_ws) by extension 'ignore_ament_install'
[0.347s] Level 1:colcon.colcon_core.package_identification:_identify(/home/matej/Desktop/summit_xl_ws) by extensions ['colcon_pkg']
[0.347s] Level 1:colcon.colcon_core.package_identification:_identify(/home/matej/Desktop/summit_xl_ws) by extension 'colcon_pkg'
[0.347s] Level 1:colcon.colcon_core.package_identification:_identify(/home/matej/Desktop/summit_xl_ws) by extensions ['colcon_meta']
[0.348s] Level 1:colcon.colcon_core.package_identification:_identify(/home/matej/Desktop/summit_xl_ws) by extension 'colcon_meta'
[0.348s] Level 1:colcon.colcon_core.package_identification:_identify(/home/matej/Desktop/summit_xl_ws) by extensions ['ros']
[0.348s] Level 1:colcon.colcon_core.package_identification:_identify(/home/matej/Desktop/summit_xl_ws) by extension 'ros'
[0.362s] Level 1:colcon.colcon_core.package_identification:_identify(/home/matej/Desktop/summit_xl_ws) by extensions ['cmake', 'python']
[0.362s] Level 1:colcon.colcon_core.package_identification:_identify(/home/matej/Desktop/summit_xl_ws) by extension 'cmake'
[0.362s] Level 1:colcon.colcon_core.package_identification:_identify(/home/matej/Desktop/summit_xl_ws) by extension 'python'
[0.362s] Level 1:colcon.colcon_core.package_identification:_identify(/home/matej/Desktop/summit_xl_ws) by extensions ['python_setup_py']
[0.362s] Level 1:colcon.colcon_core.package_identification:_identify(/home/matej/Desktop/summit_xl_ws) by extension 'python_setup_py'
[0.363s] Level 1:colcon.colcon_core.package_identification:_identify(/home/matej/Desktop/summit_xl_ws/build) by extensions ['ignore', 'ignore_ament_install']
[0.363s] Level 1:colcon.colcon_core.package_identification:_identify(/home/matej/Desktop/summit_xl_ws/build) by extension 'ignore'
[0.363s] Level 1:colcon.colcon_core.package_identification:_identify(/home/matej/Desktop/summit_xl_ws/build) ignored
[0.363s] Level 1:colcon.colcon_core.package_identification:_identify(/home/matej/Desktop/summit_xl_ws/install) by extensions ['ignore', 'ignore_ament_install']
[0.363s] Level 1:colcon.colcon_core.package_identification:_identify(/home/matej/Desktop/summit_xl_ws/install) by extension 'ignore'
[0.363s] Level 1:colcon.colcon_core.package_identification:_identify(/home/matej/Desktop/summit_xl_ws/install) ignored
[0.364s] Level 1:colcon.colcon_core.package_identification:_identify(/home/matej/Desktop/summit_xl_ws/log) by extensions ['ignore', 'ignore_ament_install']
[0.364s] Level 1:colcon.colcon_core.package_identification:_identify(/home/matej/Desktop/summit_xl_ws/log) by extension 'ignore'
[0.364s] Level 1:colcon.colcon_core.package_identification:_identify(/home/matej/Desktop/summit_xl_ws/log) ignored
[0.364s] Level 1:colcon.colcon_core.package_identification:_identify(/home/matej/Desktop/summit_xl_ws/src) by extensions ['ignore', 'ignore_ament_install']
[0.364s] Level 1:colcon.colcon_core.package_identification:_identify(/home/matej/Desktop/summit_xl_ws/src) by extension 'ignore'
[0.364s] Level 1:colcon.colcon_core.package_identification:_identify(/home/matej/Desktop/summit_xl_ws/src) by extension 'ignore_ament_install'
[0.364s] Level 1:colcon.colcon_core.package_identification:_identify(/home/matej/Desktop/summit_xl_ws/src) by extensions ['colcon_pkg']
[0.364s] Level 1:colcon.colcon_core.package_identification:_identify(/home/matej/Desktop/summit_xl_ws/src) by extension 'colcon_pkg'
[0.364s] Level 1:colcon.colcon_core.package_identification:_identify(/home/matej/Desktop/summit_xl_ws/src) by extensions ['colcon_meta']
[0.364s] Level 1:colcon.colcon_core.package_identification:_identify(/home/matej/Desktop/summit_xl_ws/src) by extension 'colcon_meta'
[0.365s] Level 1:colcon.colcon_core.package_identification:_identify(/home/matej/Desktop/summit_xl_ws/src) by extensions ['ros']
[0.365s] Level 1:colcon.colcon_core.package_identification:_identify(/home/matej/Desktop/summit_xl_ws/src) by extension 'ros'
[0.365s] Level 1:colcon.colcon_core.package_identification:_identify(/home/matej/Desktop/summit_xl_ws/src) by extensions ['cmake', 'python']
[0.365s] Level 1:colcon.colcon_core.package_identification:_identify(/home/matej/Desktop/summit_xl_ws/src) by extension 'cmake'
[0.365s] Level 1:colcon.colcon_core.package_identification:_identify(/home/matej/Desktop/summit_xl_ws/src) by extension 'python'
[0.365s] Level 1:colcon.colcon_core.package_identification:_identify(/home/matej/Desktop/summit_xl_ws/src) by extensions ['python_setup_py']
[0.365s] Level 1:colcon.colcon_core.package_identification:_identify(/home/matej/Desktop/summit_xl_ws/src) by extension 'python_setup_py'
[0.365s] Level 1:colcon.colcon_core.package_identification:_identify(/home/matej/Desktop/summit_xl_ws/src/summit_nav) by extensions ['ignore', 'ignore_ament_install']
[0.365s] Level 1:colcon.colcon_core.package_identification:_identify(/home/matej/Desktop/summit_xl_ws/src/summit_nav) by extension 'ignore'
[0.365s] Level 1:colcon.colcon_core.package_identification:_identify(/home/matej/Desktop/summit_xl_ws/src/summit_nav) by extension 'ignore_ament_install'
[0.366s] Level 1:colcon.colcon_core.package_identification:_identify(/home/matej/Desktop/summit_xl_ws/src/summit_nav) by extensions ['colcon_pkg']
[0.366s] Level 1:colcon.colcon_core.package_identification:_identify(/home/matej/Desktop/summit_xl_ws/src/summit_nav) by extension 'colcon_pkg'
[0.366s] Level 1:colcon.colcon_core.package_identification:_identify(/home/matej/Desktop/summit_xl_ws/src/summit_nav) by extensions ['colcon_meta']
[0.366s] Level 1:colcon.colcon_core.package_identification:_identify(/home/matej/Desktop/summit_xl_ws/src/summit_nav) by extension 'colcon_meta'
[0.366s] Level 1:colcon.colcon_core.package_identification:_identify(/home/matej/Desktop/summit_xl_ws/src/summit_nav) by extensions ['ros']
[0.366s] Level 1:colcon.colcon_core.package_identification:_identify(/home/matej/Desktop/summit_xl_ws/src/summit_nav) by extension 'ros'
[0.366s] Level 1:colcon.colcon_core.package_identification:_identify(/home/matej/Desktop/summit_xl_ws/src/summit_nav) by extensions ['cmake', 'python']
[0.366s] Level 1:colcon.colcon_core.package_identification:_identify(/home/matej/Desktop/summit_xl_ws/src/summit_nav) by extension 'cmake'
[0.366s] Level 1:colcon.colcon_core.package_identification:_identify(/home/matej/Desktop/summit_xl_ws/src/summit_nav) by extension 'python'
[0.366s] Level 1:colcon.colcon_core.package_identification:_identify(/home/matej/Desktop/summit_xl_ws/src/summit_nav) by extensions ['python_setup_py']
[0.366s] Level 1:colcon.colcon_core.package_identification:_identify(/home/matej/Desktop/summit_xl_ws/src/summit_nav) by extension 'python_setup_py'
[0.367s] Level 1:colcon.colcon_core.package_identification:_identify(/home/matej/Desktop/summit_xl_ws/src/summit_nav/maps) by extensions ['ignore', 'ignore_ament_install']
[0.367s] Level 1:colcon.colcon_core.package_identification:_identify(/home/matej/Desktop/summit_xl_ws/src/summit_nav/maps) by extension 'ignore'
[0.367s] Level 1:colcon.colcon_core.package_identification:_identify(/home/matej/Desktop/summit_xl_ws/src/summit_nav/maps) by extension 'ignore_ament_install'
[0.367s] Level 1:colcon.colcon_core.package_identification:_identify(/home/matej/Desktop/summit_xl_ws/src/summit_nav/maps) by extensions ['colcon_pkg']
[0.367s] Level 1:colcon.colcon_core.package_identification:_identify(/home/matej/Desktop/summit_xl_ws/src/summit_nav/maps) by extension 'colcon_pkg'
[0.367s] Level 1:colcon.colcon_core.package_identification:_identify(/home/matej/Desktop/summit_xl_ws/src/summit_nav/maps) by extensions ['colcon_meta']
[0.367s] Level 1:colcon.colcon_core.package_identification:_identify(/home/matej/Desktop/summit_xl_ws/src/summit_nav/maps) by extension 'colcon_meta'
[0.367s] Level 1:colcon.colcon_core.package_identification:_identify(/home/matej/Desktop/summit_xl_ws/src/summit_nav/maps) by extensions ['ros']
[0.367s] Level 1:colcon.colcon_core.package_identification:_identify(/home/matej/Desktop/summit_xl_ws/src/summit_nav/maps) by extension 'ros'
[0.367s] Level 1:colcon.colcon_core.package_identification:_identify(/home/matej/Desktop/summit_xl_ws/src/summit_nav/maps) by extensions ['cmake', 'python']
[0.367s] Level 1:colcon.colcon_core.package_identification:_identify(/home/matej/Desktop/summit_xl_ws/src/summit_nav/maps) by extension 'cmake'
[0.368s] Level 1:colcon.colcon_core.package_identification:_identify(/home/matej/Desktop/summit_xl_ws/src/summit_nav/maps) by extension 'python'
[0.368s] Level 1:colcon.colcon_core.package_identification:_identify(/home/matej/Desktop/summit_xl_ws/src/summit_nav/maps) by extensions ['python_setup_py']
[0.368s] Level 1:colcon.colcon_core.package_identification:_identify(/home/matej/Desktop/summit_xl_ws/src/summit_nav/maps) by extension 'python_setup_py'
[0.368s] Level 1:colcon.colcon_core.package_identification:_identify(/home/matej/Desktop/summit_xl_ws/src/summit_navigation) by extensions ['ignore', 'ignore_ament_install']
[0.368s] Level 1:colcon.colcon_core.package_identification:_identify(/home/matej/Desktop/summit_xl_ws/src/summit_navigation) by extension 'ignore'
[0.368s] Level 1:colcon.colcon_core.package_identification:_identify(/home/matej/Desktop/summit_xl_ws/src/summit_navigation) by extension 'ignore_ament_install'
[0.368s] Level 1:colcon.colcon_core.package_identification:_identify(/home/matej/Desktop/summit_xl_ws/src/summit_navigation) by extensions ['colcon_pkg']
[0.368s] Level 1:colcon.colcon_core.package_identification:_identify(/home/matej/Desktop/summit_xl_ws/src/summit_navigation) by extension 'colcon_pkg'
[0.368s] Level 1:colcon.colcon_core.package_identification:_identify(/home/matej/Desktop/summit_xl_ws/src/summit_navigation) by extensions ['colcon_meta']
[0.368s] Level 1:colcon.colcon_core.package_identification:_identify(/home/matej/Desktop/summit_xl_ws/src/summit_navigation) by extension 'colcon_meta'
[0.368s] Level 1:colcon.colcon_core.package_identification:_identify(/home/matej/Desktop/summit_xl_ws/src/summit_navigation) by extensions ['ros']
[0.368s] Level 1:colcon.colcon_core.package_identification:_identify(/home/matej/Desktop/summit_xl_ws/src/summit_navigation) by extension 'ros'
[0.373s] DEBUG:colcon.colcon_core.package_identification:Package '/home/matej/Desktop/summit_xl_ws/src/summit_navigation' with type 'ros.ament_cmake' and name 'summit_navigation'
[0.373s] Level 1:colcon.colcon_core.package_discovery:discover_packages(recursive) using defaults
