-- The C compiler identification is GNU 9.4.0
-- The CXX compiler identification is GNU 9.4.0
-- Check for working C compiler: /usr/bin/cc
-- Check for working C compiler: /usr/bin/cc -- works
-- Detecting C compiler ABI info
-- Detecting C compiler ABI info - done
-- Detecting C compile features
-- Detecting C compile features - done
-- Check for working CXX compiler: /usr/bin/c++
-- Check for working CXX compiler: /usr/bin/c++ -- works
-- Detecting CXX compiler ABI info
-- Detecting CXX compiler ABI info - done
-- Detecting CXX compile features
-- Detecting CXX compile features - done
-- Found ament_cmake: 0.9.11 (/opt/ros/foxy/share/ament_cmake/cmake)
-- Found PythonInterp: /usr/bin/python3 (found suitable version "3.8.10", minimum required is "3") 
-- Using PYTHON_EXECUTABLE: /usr/bin/python3
-- Configuring done
-- Generating done
-- Build files have been written to: /home/matej/Desktop/summit_xl_ws/build/summit_navigation
-- Install configuration: ""
-- Installing: /home/matej/Desktop/summit_xl_ws/install/summit_navigation/share/summit_navigation/maps
-- Installing: /home/matej/Desktop/summit_xl_ws/install/summit_navigation/share/summit_navigation/maps/summit_map.yaml
-- Installing: /home/matej/Desktop/summit_xl_ws/install/summit_navigation/share/summit_navigation/maps/summit_map.png
-- Installing: /home/matej/Desktop/summit_xl_ws/install/summit_navigation/share/ament_index/resource_index/package_run_dependencies/summit_navigation
-- Installing: /home/matej/Desktop/summit_xl_ws/install/summit_navigation/share/ament_index/resource_index/parent_prefix_path/summit_navigation
-- Installing: /home/matej/Desktop/summit_xl_ws/install/summit_navigation/share/summit_navigation/environment/ament_prefix_path.sh
-- Installing: /home/matej/Desktop/summit_xl_ws/install/summit_navigation/share/summit_navigation/environment/ament_prefix_path.dsv
-- Installing: /home/matej/Desktop/summit_xl_ws/install/summit_navigation/share/summit_navigation/environment/path.sh
-- Installing: /home/matej/Desktop/summit_xl_ws/install/summit_navigation/share/summit_navigation/environment/path.dsv
-- Installing: /home/matej/Desktop/summit_xl_ws/install/summit_navigation/share/summit_navigation/local_setup.bash
-- Installing: /home/matej/Desktop/summit_xl_ws/install/summit_navigation/share/summit_navigation/local_setup.sh
-- Installing: /home/matej/Desktop/summit_xl_ws/install/summit_navigation/share/summit_navigation/local_setup.zsh
-- Installing: /home/matej/Desktop/summit_xl_ws/install/summit_navigation/share/summit_navigation/local_setup.dsv
-- Installing: /home/matej/Desktop/summit_xl_ws/install/summit_navigation/share/summit_navigation/package.dsv
-- Installing: /home/matej/Desktop/summit_xl_ws/install/summit_navigation/share/ament_index/resource_index/packages/summit_navigation
-- Installing: /home/matej/Desktop/summit_xl_ws/install/summit_navigation/share/summit_navigation/cmake/summit_navigationConfig.cmake
-- Installing: /home/matej/Desktop/summit_xl_ws/install/summit_navigation/share/summit_navigation/cmake/summit_navigationConfig-version.cmake
-- Installing: /home/matej/Desktop/summit_xl_ws/install/summit_navigation/share/summit_navigation/package.xml
