[0.246s] DEBUG:colcon:Command line arguments: ['/usr/bin/colcon', 'build']
[0.247s] DEBUG:colcon:Parsed command line arguments: Namespace(allow_overriding=[], ament_cmake_args=None, base_paths=['.'], build_base='build', catkin_cmake_args=None, catkin_skip_building_tests=False, cmake_args=None, cmake_clean_cache=False, cmake_clean_first=False, cmake_force_configure=False, cmake_target=None, cmake_target_skip_unavailable=False, continue_on_error=False, event_handlers=None, executor='parallel', ignore_user_meta=False, install_base='install', log_base=None, log_level=None, main=<bound method BuildVerb.main of <colcon_core.verb.build.BuildVerb object at 0x7f515b1c5610>>, merge_install=False, metas=['./colcon.meta'], packages_above=None, packages_above_and_dependencies=None, packages_above_depth=None, packages_end=None, packages_ignore=None, packages_ignore_regex=None, packages_select=None, packages_select_build_failed=False, packages_select_by_dep=None, packages_select_regex=None, packages_select_test_failures=False, packages_skip=None, packages_skip_build_finished=False, packages_skip_by_dep=None, packages_skip_regex=None, packages_skip_test_passed=False, packages_skip_up_to=None, packages_start=None, packages_up_to=None, packages_up_to_regex=None, parallel_workers=16, paths=None, symlink_install=False, test_result_base=None, verb_extension=<colcon_core.verb.build.BuildVerb object at 0x7f515b1c5610>, verb_name='build', verb_parser=<colcon_defaults.argument_parser.defaults.DefaultArgumentsDecorator object at 0x7f515b1c5b50>)
[0.269s] Level 1:colcon.colcon_core.package_discovery:discover_packages(colcon_meta) check parameters
[0.270s] Level 1:colcon.colcon_core.package_discovery:discover_packages(recursive) check parameters
[0.270s] Level 1:colcon.colcon_core.package_discovery:discover_packages(ignore) check parameters
[0.270s] Level 1:colcon.colcon_core.package_discovery:discover_packages(path) check parameters
[0.270s] Level 1:colcon.colcon_core.package_discovery:discover_packages(colcon_meta) discover
[0.270s] Level 1:colcon.colcon_core.package_discovery:discover_packages(recursive) discover
[0.270s] INFO:colcon.colcon_core.package_discovery:Crawling recursively for packages in '/home/matej/Desktop/summit_xl_ws'
[0.270s] Level 1:colcon.colcon_core.package_identification:_identify(.) by extensions ['ignore', 'ignore_ament_install']
[0.270s] Level 1:colcon.colcon_core.package_identification:_identify(.) by extension 'ignore'
[0.270s] Level 1:colcon.colcon_core.package_identification:_identify(.) by extension 'ignore_ament_install'
[0.270s] Level 1:colcon.colcon_core.package_identification:_identify(.) by extensions ['colcon_pkg']
[0.270s] Level 1:colcon.colcon_core.package_identification:_identify(.) by extension 'colcon_pkg'
[0.270s] Level 1:colcon.colcon_core.package_identification:_identify(.) by extensions ['colcon_meta']
[0.270s] Level 1:colcon.colcon_core.package_identification:_identify(.) by extension 'colcon_meta'
[0.270s] Level 1:colcon.colcon_core.package_identification:_identify(.) by extensions ['ros']
[0.270s] Level 1:colcon.colcon_core.package_identification:_identify(.) by extension 'ros'
[0.292s] Level 1:colcon.colcon_core.package_identification:_identify(.) by extensions ['cmake', 'python']
[0.292s] Level 1:colcon.colcon_core.package_identification:_identify(.) by extension 'cmake'
[0.292s] Level 1:colcon.colcon_core.package_identification:_identify(.) by extension 'python'
[0.292s] Level 1:colcon.colcon_core.package_identification:_identify(.) by extensions ['python_setup_py']
[0.292s] Level 1:colcon.colcon_core.package_identification:_identify(.) by extension 'python_setup_py'
[0.292s] Level 1:colcon.colcon_core.package_identification:_identify(build) by extensions ['ignore', 'ignore_ament_install']
[0.292s] Level 1:colcon.colcon_core.package_identification:_identify(build) by extension 'ignore'
[0.292s] Level 1:colcon.colcon_core.package_identification:_identify(build) ignored
[0.293s] Level 1:colcon.colcon_core.package_identification:_identify(install) by extensions ['ignore', 'ignore_ament_install']
[0.293s] Level 1:colcon.colcon_core.package_identification:_identify(install) by extension 'ignore'
[0.293s] Level 1:colcon.colcon_core.package_identification:_identify(install) ignored
[0.293s] Level 1:colcon.colcon_core.package_identification:_identify(log) by extensions ['ignore', 'ignore_ament_install']
[0.293s] Level 1:colcon.colcon_core.package_identification:_identify(log) by extension 'ignore'
[0.293s] Level 1:colcon.colcon_core.package_identification:_identify(log) ignored
[0.293s] Level 1:colcon.colcon_core.package_identification:_identify(src) by extensions ['ignore', 'ignore_ament_install']
[0.293s] Level 1:colcon.colcon_core.package_identification:_identify(src) by extension 'ignore'
[0.293s] Level 1:colcon.colcon_core.package_identification:_identify(src) by extension 'ignore_ament_install'
[0.293s] Level 1:colcon.colcon_core.package_identification:_identify(src) by extensions ['colcon_pkg']
[0.293s] Level 1:colcon.colcon_core.package_identification:_identify(src) by extension 'colcon_pkg'
[0.293s] Level 1:colcon.colcon_core.package_identification:_identify(src) by extensions ['colcon_meta']
[0.293s] Level 1:colcon.colcon_core.package_identification:_identify(src) by extension 'colcon_meta'
[0.293s] Level 1:colcon.colcon_core.package_identification:_identify(src) by extensions ['ros']
[0.293s] Level 1:colcon.colcon_core.package_identification:_identify(src) by extension 'ros'
[0.293s] Level 1:colcon.colcon_core.package_identification:_identify(src) by extensions ['cmake', 'python']
[0.293s] Level 1:colcon.colcon_core.package_identification:_identify(src) by extension 'cmake'
[0.293s] Level 1:colcon.colcon_core.package_identification:_identify(src) by extension 'python'
[0.293s] Level 1:colcon.colcon_core.package_identification:_identify(src) by extensions ['python_setup_py']
[0.293s] Level 1:colcon.colcon_core.package_identification:_identify(src) by extension 'python_setup_py'
[0.293s] Level 1:colcon.colcon_core.package_identification:_identify(src/summit_navigation) by extensions ['ignore', 'ignore_ament_install']
[0.294s] Level 1:colcon.colcon_core.package_identification:_identify(src/summit_navigation) by extension 'ignore'
[0.294s] Level 1:colcon.colcon_core.package_identification:_identify(src/summit_navigation) by extension 'ignore_ament_install'
[0.294s] Level 1:colcon.colcon_core.package_identification:_identify(src/summit_navigation) by extensions ['colcon_pkg']
[0.294s] Level 1:colcon.colcon_core.package_identification:_identify(src/summit_navigation) by extension 'colcon_pkg'
[0.294s] Level 1:colcon.colcon_core.package_identification:_identify(src/summit_navigation) by extensions ['colcon_meta']
[0.294s] Level 1:colcon.colcon_core.package_identification:_identify(src/summit_navigation) by extension 'colcon_meta'
[0.294s] Level 1:colcon.colcon_core.package_identification:_identify(src/summit_navigation) by extensions ['ros']
[0.294s] Level 1:colcon.colcon_core.package_identification:_identify(src/summit_navigation) by extension 'ros'
[0.296s] DEBUG:colcon.colcon_core.package_identification:Package 'src/summit_navigation' with type 'ros.ament_cmake' and name 'summit_navigation'
[0.296s] Level 1:colcon.colcon_core.package_discovery:discover_packages(recursive) using defaults
[0.296s] Level 1:colcon.colcon_core.package_discovery:discover_packages(ignore) discover
[0.296s] Level 1:colcon.colcon_core.package_discovery:discover_packages(ignore) using defaults
[0.296s] Level 1:colcon.colcon_core.package_discovery:discover_packages(path) discover
[0.296s] Level 1:colcon.colcon_core.package_discovery:discover_packages(path) using defaults
[0.314s] Level 1:colcon.colcon_core.package_discovery:discover_packages(prefix_path) check parameters
[0.314s] Level 1:colcon.colcon_core.package_discovery:discover_packages(prefix_path) discover
[0.316s] DEBUG:colcon.colcon_installed_package_information.package_discovery:Found 5 installed packages in /home/matej/IsaacSim-ros_workspaces/foxy_ws/install
[0.317s] DEBUG:colcon.colcon_installed_package_information.package_discovery:Found 1 installed packages in /home/matej/Desktop/summit_xl_ws/install
[0.318s] DEBUG:colcon.colcon_installed_package_information.package_discovery:Found 314 installed packages in /opt/ros/foxy
[0.320s] Level 1:colcon.colcon_core.package_discovery:discover_packages(prefix_path) using defaults
[0.379s] Level 5:colcon.colcon_core.verb:set package 'summit_navigation' build argument 'cmake_args' from command line to 'None'
[0.379s] Level 5:colcon.colcon_core.verb:set package 'summit_navigation' build argument 'cmake_target' from command line to 'None'
[0.379s] Level 5:colcon.colcon_core.verb:set package 'summit_navigation' build argument 'cmake_target_skip_unavailable' from command line to 'False'
[0.379s] Level 5:colcon.colcon_core.verb:set package 'summit_navigation' build argument 'cmake_clean_cache' from command line to 'False'
[0.379s] Level 5:colcon.colcon_core.verb:set package 'summit_navigation' build argument 'cmake_clean_first' from command line to 'False'
[0.379s] Level 5:colcon.colcon_core.verb:set package 'summit_navigation' build argument 'cmake_force_configure' from command line to 'False'
[0.379s] Level 5:colcon.colcon_core.verb:set package 'summit_navigation' build argument 'ament_cmake_args' from command line to 'None'
[0.379s] Level 5:colcon.colcon_core.verb:set package 'summit_navigation' build argument 'catkin_cmake_args' from command line to 'None'
[0.379s] Level 5:colcon.colcon_core.verb:set package 'summit_navigation' build argument 'catkin_skip_building_tests' from command line to 'False'
[0.379s] DEBUG:colcon.colcon_core.verb:Building package 'summit_navigation' with the following arguments: {'ament_cmake_args': None, 'build_base': '/home/matej/Desktop/summit_xl_ws/build/summit_navigation', 'catkin_cmake_args': None, 'catkin_skip_building_tests': False, 'cmake_args': None, 'cmake_clean_cache': False, 'cmake_clean_first': False, 'cmake_force_configure': False, 'cmake_target': None, 'cmake_target_skip_unavailable': False, 'install_base': '/home/matej/Desktop/summit_xl_ws/install/summit_navigation', 'merge_install': False, 'path': '/home/matej/Desktop/summit_xl_ws/src/summit_navigation', 'symlink_install': False, 'test_result_base': None}
[0.380s] INFO:colcon.colcon_core.executor:Executing jobs using 'parallel' executor
[0.383s] DEBUG:colcon.colcon_parallel_executor.executor.parallel:run_until_complete
[0.383s] INFO:colcon.colcon_ros.task.ament_cmake.build:Building ROS package in '/home/matej/Desktop/summit_xl_ws/src/summit_navigation' with build type 'ament_cmake'
[0.383s] INFO:colcon.colcon_cmake.task.cmake.build:Building CMake package in '/home/matej/Desktop/summit_xl_ws/src/summit_navigation'
[0.387s] INFO:colcon.colcon_core.plugin_system:Skipping extension 'colcon_core.shell.bat': Not used on non-Windows systems
[0.387s] INFO:colcon.colcon_core.shell:Skip shell extension 'powershell' for command environment: Not usable outside of PowerShell
[0.387s] DEBUG:colcon.colcon_core.shell:Skip shell extension 'dsv' for command environment
[0.399s] DEBUG:colcon.colcon_core.event_handler.log_command:Invoking command in '/home/matej/Desktop/summit_xl_ws/build/summit_navigation': CMAKE_PREFIX_PATH=${CMAKE_PREFIX_PATH}:/home/matej/IsaacSim-ros_workspaces/foxy_ws/install/isaac_ros_navigation_goal:/opt/ros/foxy /usr/bin/cmake --build /home/matej/Desktop/summit_xl_ws/build/summit_navigation -- -j16 -l16
[0.434s] DEBUG:colcon.colcon_core.event_handler.log_command:Invoked command in '/home/matej/Desktop/summit_xl_ws/build/summit_navigation' returned '0': CMAKE_PREFIX_PATH=${CMAKE_PREFIX_PATH}:/home/matej/IsaacSim-ros_workspaces/foxy_ws/install/isaac_ros_navigation_goal:/opt/ros/foxy /usr/bin/cmake --build /home/matej/Desktop/summit_xl_ws/build/summit_navigation -- -j16 -l16
[0.460s] DEBUG:colcon.colcon_core.event_handler.log_command:Invoking command in '/home/matej/Desktop/summit_xl_ws/build/summit_navigation': CMAKE_PREFIX_PATH=${CMAKE_PREFIX_PATH}:/home/matej/IsaacSim-ros_workspaces/foxy_ws/install/isaac_ros_navigation_goal:/opt/ros/foxy /usr/bin/cmake --install /home/matej/Desktop/summit_xl_ws/build/summit_navigation
[0.469s] Level 1:colcon.colcon_core.environment:create_environment_scripts_only(summit_navigation)
[0.470s] DEBUG:colcon.colcon_core.event_handler.log_command:Invoked command in '/home/matej/Desktop/summit_xl_ws/build/summit_navigation' returned '0': CMAKE_PREFIX_PATH=${CMAKE_PREFIX_PATH}:/home/matej/IsaacSim-ros_workspaces/foxy_ws/install/isaac_ros_navigation_goal:/opt/ros/foxy /usr/bin/cmake --install /home/matej/Desktop/summit_xl_ws/build/summit_navigation
[0.474s] Level 1:colcon.colcon_core.environment:checking '/home/matej/Desktop/summit_xl_ws/install/summit_navigation' for CMake module files
[0.475s] Level 1:colcon.colcon_core.environment:checking '/home/matej/Desktop/summit_xl_ws/install/summit_navigation' for CMake config files
[0.475s] Level 1:colcon.colcon_core.shell:create_environment_hook('summit_navigation', 'cmake_prefix_path')
[0.476s] INFO:colcon.colcon_core.shell:Creating environment hook '/home/matej/Desktop/summit_xl_ws/install/summit_navigation/share/summit_navigation/hook/cmake_prefix_path.ps1'
[0.476s] INFO:colcon.colcon_core.shell:Creating environment descriptor '/home/matej/Desktop/summit_xl_ws/install/summit_navigation/share/summit_navigation/hook/cmake_prefix_path.dsv'
[0.477s] INFO:colcon.colcon_core.shell:Creating environment hook '/home/matej/Desktop/summit_xl_ws/install/summit_navigation/share/summit_navigation/hook/cmake_prefix_path.sh'
[0.477s] Level 1:colcon.colcon_core.environment:checking '/home/matej/Desktop/summit_xl_ws/install/summit_navigation/bin'
[0.478s] Level 1:colcon.colcon_core.environment:checking '/home/matej/Desktop/summit_xl_ws/install/summit_navigation/lib/pkgconfig/summit_navigation.pc'
[0.478s] Level 1:colcon.colcon_core.environment:checking '/home/matej/Desktop/summit_xl_ws/install/summit_navigation/lib/python3.8/site-packages'
[0.478s] Level 1:colcon.colcon_core.environment:checking '/home/matej/Desktop/summit_xl_ws/install/summit_navigation/bin'
[0.479s] INFO:colcon.colcon_core.shell:Creating package script '/home/matej/Desktop/summit_xl_ws/install/summit_navigation/share/summit_navigation/package.ps1'
[0.480s] INFO:colcon.colcon_core.shell:Creating package descriptor '/home/matej/Desktop/summit_xl_ws/install/summit_navigation/share/summit_navigation/package.dsv'
[0.480s] INFO:colcon.colcon_core.shell:Creating package script '/home/matej/Desktop/summit_xl_ws/install/summit_navigation/share/summit_navigation/package.sh'
[0.480s] INFO:colcon.colcon_core.shell:Creating package script '/home/matej/Desktop/summit_xl_ws/install/summit_navigation/share/summit_navigation/package.bash'
[0.481s] INFO:colcon.colcon_core.shell:Creating package script '/home/matej/Desktop/summit_xl_ws/install/summit_navigation/share/summit_navigation/package.zsh'
[0.481s] Level 1:colcon.colcon_core.environment:create_file_with_runtime_dependencies(/home/matej/Desktop/summit_xl_ws/install/summit_navigation/share/colcon-core/packages/summit_navigation)
[0.500s] Level 1:colcon.colcon_core.environment:create_environment_scripts_only(summit_navigation)
[0.502s] Level 1:colcon.colcon_core.environment:checking '/home/matej/Desktop/summit_xl_ws/install/summit_navigation' for CMake module files
[0.502s] Level 1:colcon.colcon_core.environment:checking '/home/matej/Desktop/summit_xl_ws/install/summit_navigation' for CMake config files
[0.503s] Level 1:colcon.colcon_core.shell:create_environment_hook('summit_navigation', 'cmake_prefix_path')
[0.504s] INFO:colcon.colcon_core.shell:Creating environment hook '/home/matej/Desktop/summit_xl_ws/install/summit_navigation/share/summit_navigation/hook/cmake_prefix_path.ps1'
[0.504s] INFO:colcon.colcon_core.shell:Creating environment descriptor '/home/matej/Desktop/summit_xl_ws/install/summit_navigation/share/summit_navigation/hook/cmake_prefix_path.dsv'
[0.505s] INFO:colcon.colcon_core.shell:Creating environment hook '/home/matej/Desktop/summit_xl_ws/install/summit_navigation/share/summit_navigation/hook/cmake_prefix_path.sh'
[0.505s] Level 1:colcon.colcon_core.environment:checking '/home/matej/Desktop/summit_xl_ws/install/summit_navigation/bin'
[0.505s] Level 1:colcon.colcon_core.environment:checking '/home/matej/Desktop/summit_xl_ws/install/summit_navigation/lib/pkgconfig/summit_navigation.pc'
[0.505s] Level 1:colcon.colcon_core.environment:checking '/home/matej/Desktop/summit_xl_ws/install/summit_navigation/lib/python3.8/site-packages'
[0.506s] Level 1:colcon.colcon_core.environment:checking '/home/matej/Desktop/summit_xl_ws/install/summit_navigation/bin'
[0.507s] INFO:colcon.colcon_core.shell:Creating package script '/home/matej/Desktop/summit_xl_ws/install/summit_navigation/share/summit_navigation/package.ps1'
[0.508s] INFO:colcon.colcon_core.shell:Creating package descriptor '/home/matej/Desktop/summit_xl_ws/install/summit_navigation/share/summit_navigation/package.dsv'
[0.508s] INFO:colcon.colcon_core.shell:Creating package script '/home/matej/Desktop/summit_xl_ws/install/summit_navigation/share/summit_navigation/package.sh'
[0.509s] INFO:colcon.colcon_core.shell:Creating package script '/home/matej/Desktop/summit_xl_ws/install/summit_navigation/share/summit_navigation/package.bash'
[0.509s] INFO:colcon.colcon_core.shell:Creating package script '/home/matej/Desktop/summit_xl_ws/install/summit_navigation/share/summit_navigation/package.zsh'
[0.509s] Level 1:colcon.colcon_core.environment:create_file_with_runtime_dependencies(/home/matej/Desktop/summit_xl_ws/install/summit_navigation/share/colcon-core/packages/summit_navigation)
[0.510s] DEBUG:colcon.colcon_parallel_executor.executor.parallel:closing loop
[0.510s] DEBUG:colcon.colcon_parallel_executor.executor.parallel:loop closed
[0.510s] DEBUG:colcon.colcon_parallel_executor.executor.parallel:run_until_complete finished with '0'
[0.510s] DEBUG:colcon.colcon_core.event_reactor:joining thread
[0.516s] INFO:colcon.colcon_core.plugin_system:Skipping extension 'colcon_notification.desktop_notification.terminal_notifier': Not used on non-Darwin systems
[0.516s] INFO:colcon.colcon_core.plugin_system:Skipping extension 'colcon_notification.desktop_notification.win32': Not used on non-Windows systems
[0.517s] INFO:colcon.colcon_notification.desktop_notification:Sending desktop notification using 'notify2'
[0.530s] DEBUG:colcon.colcon_core.event_reactor:joined thread
[0.532s] INFO:colcon.colcon_core.shell:Creating prefix script '/home/matej/Desktop/summit_xl_ws/install/local_setup.ps1'
[0.533s] INFO:colcon.colcon_core.shell:Creating prefix util module '/home/matej/Desktop/summit_xl_ws/install/_local_setup_util_ps1.py'
[0.534s] INFO:colcon.colcon_core.shell:Creating prefix chain script '/home/matej/Desktop/summit_xl_ws/install/setup.ps1'
[0.536s] INFO:colcon.colcon_core.shell:Creating prefix script '/home/matej/Desktop/summit_xl_ws/install/local_setup.sh'
[0.536s] INFO:colcon.colcon_core.shell:Creating prefix util module '/home/matej/Desktop/summit_xl_ws/install/_local_setup_util_sh.py'
[0.537s] INFO:colcon.colcon_core.shell:Creating prefix chain script '/home/matej/Desktop/summit_xl_ws/install/setup.sh'
[0.538s] INFO:colcon.colcon_core.shell:Creating prefix script '/home/matej/Desktop/summit_xl_ws/install/local_setup.bash'
[0.539s] INFO:colcon.colcon_core.shell:Creating prefix chain script '/home/matej/Desktop/summit_xl_ws/install/setup.bash'
[0.540s] INFO:colcon.colcon_core.shell:Creating prefix script '/home/matej/Desktop/summit_xl_ws/install/local_setup.zsh'
[0.540s] INFO:colcon.colcon_core.shell:Creating prefix chain script '/home/matej/Desktop/summit_xl_ws/install/setup.zsh'
