[0.014s] Invoking command in '/home/matej/Desktop/summit_xl_ws/build/summit_navigation': /usr/bin/cmake --build /home/matej/Desktop/summit_xl_ws/build/summit_navigation -- -j16 -l16
[0.046s] Invoked command in '/home/matej/Desktop/summit_xl_ws/build/summit_navigation' returned '0': /usr/bin/cmake --build /home/matej/Desktop/summit_xl_ws/build/summit_navigation -- -j16 -l16
[0.070s] Invoking command in '/home/matej/Desktop/summit_xl_ws/build/summit_navigation': /usr/bin/cmake --install /home/matej/Desktop/summit_xl_ws/build/summit_navigation
[0.078s] -- Install configuration: ""
[0.079s] -- Up-to-date: /home/matej/Desktop/summit_xl_ws/install/summit_navigation/share/summit_navigation/launch
[0.079s] -- Up-to-date: /home/matej/Desktop/summit_xl_ws/install/summit_navigation/share/summit_navigation/launch/summit_navigation.launch.py
[0.079s] -- Up-to-date: /home/matej/Desktop/summit_xl_ws/install/summit_navigation/share/summit_navigation/params
[0.079s] -- Installing: /home/matej/Desktop/summit_xl_ws/install/summit_navigation/share/summit_navigation/params/summit_navigation_params.yaml
[0.079s] -- Up-to-date: /home/matej/Desktop/summit_xl_ws/install/summit_navigation/share/summit_navigation/maps
[0.079s] -- Up-to-date: /home/matej/Desktop/summit_xl_ws/install/summit_navigation/share/summit_navigation/maps/summit_map.yaml
[0.079s] -- Up-to-date: /home/matej/Desktop/summit_xl_ws/install/summit_navigation/share/summit_navigation/maps/summit_map.png
[0.079s] -- Up-to-date: /home/matej/Desktop/summit_xl_ws/install/summit_navigation/share/ament_index/resource_index/package_run_dependencies/summit_navigation
[0.079s] -- Up-to-date: /home/matej/Desktop/summit_xl_ws/install/summit_navigation/share/ament_index/resource_index/parent_prefix_path/summit_navigation
[0.079s] -- Up-to-date: /home/matej/Desktop/summit_xl_ws/install/summit_navigation/share/summit_navigation/environment/ament_prefix_path.sh
[0.079s] -- Up-to-date: /home/matej/Desktop/summit_xl_ws/install/summit_navigation/share/summit_navigation/environment/ament_prefix_path.dsv
[0.080s] -- Up-to-date: /home/matej/Desktop/summit_xl_ws/install/summit_navigation/share/summit_navigation/environment/path.sh
[0.080s] -- Up-to-date: /home/matej/Desktop/summit_xl_ws/install/summit_navigation/share/summit_navigation/environment/path.dsv
[0.080s] -- Up-to-date: /home/matej/Desktop/summit_xl_ws/install/summit_navigation/share/summit_navigation/local_setup.bash
[0.080s] -- Up-to-date: /home/matej/Desktop/summit_xl_ws/install/summit_navigation/share/summit_navigation/local_setup.sh
[0.080s] -- Up-to-date: /home/matej/Desktop/summit_xl_ws/install/summit_navigation/share/summit_navigation/local_setup.zsh
[0.080s] -- Up-to-date: /home/matej/Desktop/summit_xl_ws/install/summit_navigation/share/summit_navigation/local_setup.dsv
[0.080s] -- Installing: /home/matej/Desktop/summit_xl_ws/install/summit_navigation/share/summit_navigation/package.dsv
[0.080s] -- Up-to-date: /home/matej/Desktop/summit_xl_ws/install/summit_navigation/share/ament_index/resource_index/packages/summit_navigation
[0.080s] -- Up-to-date: /home/matej/Desktop/summit_xl_ws/install/summit_navigation/share/summit_navigation/cmake/summit_navigationConfig.cmake
[0.080s] -- Up-to-date: /home/matej/Desktop/summit_xl_ws/install/summit_navigation/share/summit_navigation/cmake/summit_navigationConfig-version.cmake
[0.080s] -- Up-to-date: /home/matej/Desktop/summit_xl_ws/install/summit_navigation/share/summit_navigation/package.xml
[0.082s] Invoked command in '/home/matej/Desktop/summit_xl_ws/build/summit_navigation' returned '0': /usr/bin/cmake --install /home/matej/Desktop/summit_xl_ws/build/summit_navigation
