[0.245s] DEBUG:colcon:Command line arguments: ['/usr/bin/colcon', 'build']
[0.245s] DEBUG:colcon:Parsed command line arguments: Namespace(allow_overriding=[], ament_cmake_args=None, base_paths=['.'], build_base='build', catkin_cmake_args=None, catkin_skip_building_tests=False, cmake_args=None, cmake_clean_cache=False, cmake_clean_first=False, cmake_force_configure=False, cmake_target=None, cmake_target_skip_unavailable=False, continue_on_error=False, event_handlers=None, executor='parallel', ignore_user_meta=False, install_base='install', log_base=None, log_level=None, main=<bound method BuildVerb.main of <colcon_core.verb.build.BuildVerb object at 0x7fdd40ea9e50>>, merge_install=False, metas=['./colcon.meta'], packages_above=None, packages_above_and_dependencies=None, packages_above_depth=None, packages_end=None, packages_ignore=None, packages_ignore_regex=None, packages_select=None, packages_select_build_failed=False, packages_select_by_dep=None, packages_select_regex=None, packages_select_test_failures=False, packages_skip=None, packages_skip_build_finished=False, packages_skip_by_dep=None, packages_skip_regex=None, packages_skip_test_passed=False, packages_skip_up_to=None, packages_start=None, packages_up_to=None, packages_up_to_regex=None, parallel_workers=16, paths=None, symlink_install=False, test_result_base=None, verb_extension=<colcon_core.verb.build.BuildVerb object at 0x7fdd40ea9e50>, verb_name='build', verb_parser=<colcon_defaults.argument_parser.defaults.DefaultArgumentsDecorator object at 0x7fdd40e33400>)
[0.271s] Level 1:colcon.colcon_core.package_discovery:discover_packages(colcon_meta) check parameters
[0.271s] Level 1:colcon.colcon_core.package_discovery:discover_packages(recursive) check parameters
[0.271s] Level 1:colcon.colcon_core.package_discovery:discover_packages(ignore) check parameters
[0.271s] Level 1:colcon.colcon_core.package_discovery:discover_packages(path) check parameters
[0.271s] Level 1:colcon.colcon_core.package_discovery:discover_packages(colcon_meta) discover
[0.271s] Level 1:colcon.colcon_core.package_discovery:discover_packages(recursive) discover
[0.271s] INFO:colcon.colcon_core.package_discovery:Crawling recursively for packages in '/home/matej/Desktop/summit_xl_ws'
[0.271s] Level 1:colcon.colcon_core.package_identification:_identify(.) by extensions ['ignore', 'ignore_ament_install']
[0.272s] Level 1:colcon.colcon_core.package_identification:_identify(.) by extension 'ignore'
[0.272s] Level 1:colcon.colcon_core.package_identification:_identify(.) by extension 'ignore_ament_install'
[0.272s] Level 1:colcon.colcon_core.package_identification:_identify(.) by extensions ['colcon_pkg']
[0.272s] Level 1:colcon.colcon_core.package_identification:_identify(.) by extension 'colcon_pkg'
[0.272s] Level 1:colcon.colcon_core.package_identification:_identify(.) by extensions ['colcon_meta']
[0.272s] Level 1:colcon.colcon_core.package_identification:_identify(.) by extension 'colcon_meta'
[0.272s] Level 1:colcon.colcon_core.package_identification:_identify(.) by extensions ['ros']
[0.272s] Level 1:colcon.colcon_core.package_identification:_identify(.) by extension 'ros'
[0.295s] Level 1:colcon.colcon_core.package_identification:_identify(.) by extensions ['cmake', 'python']
[0.295s] Level 1:colcon.colcon_core.package_identification:_identify(.) by extension 'cmake'
[0.295s] Level 1:colcon.colcon_core.package_identification:_identify(.) by extension 'python'
[0.295s] Level 1:colcon.colcon_core.package_identification:_identify(.) by extensions ['python_setup_py']
[0.295s] Level 1:colcon.colcon_core.package_identification:_identify(.) by extension 'python_setup_py'
[0.295s] Level 1:colcon.colcon_core.package_identification:_identify(build) by extensions ['ignore', 'ignore_ament_install']
[0.295s] Level 1:colcon.colcon_core.package_identification:_identify(build) by extension 'ignore'
[0.295s] Level 1:colcon.colcon_core.package_identification:_identify(build) ignored
[0.295s] Level 1:colcon.colcon_core.package_identification:_identify(install) by extensions ['ignore', 'ignore_ament_install']
[0.296s] Level 1:colcon.colcon_core.package_identification:_identify(install) by extension 'ignore'
[0.296s] Level 1:colcon.colcon_core.package_identification:_identify(install) ignored
[0.296s] Level 1:colcon.colcon_core.package_identification:_identify(log) by extensions ['ignore', 'ignore_ament_install']
[0.296s] Level 1:colcon.colcon_core.package_identification:_identify(log) by extension 'ignore'
[0.296s] Level 1:colcon.colcon_core.package_identification:_identify(log) ignored
[0.296s] Level 1:colcon.colcon_core.package_identification:_identify(src) by extensions ['ignore', 'ignore_ament_install']
[0.296s] Level 1:colcon.colcon_core.package_identification:_identify(src) by extension 'ignore'
[0.296s] Level 1:colcon.colcon_core.package_identification:_identify(src) by extension 'ignore_ament_install'
[0.296s] Level 1:colcon.colcon_core.package_identification:_identify(src) by extensions ['colcon_pkg']
[0.296s] Level 1:colcon.colcon_core.package_identification:_identify(src) by extension 'colcon_pkg'
[0.296s] Level 1:colcon.colcon_core.package_identification:_identify(src) by extensions ['colcon_meta']
[0.296s] Level 1:colcon.colcon_core.package_identification:_identify(src) by extension 'colcon_meta'
[0.296s] Level 1:colcon.colcon_core.package_identification:_identify(src) by extensions ['ros']
[0.296s] Level 1:colcon.colcon_core.package_identification:_identify(src) by extension 'ros'
[0.296s] Level 1:colcon.colcon_core.package_identification:_identify(src) by extensions ['cmake', 'python']
[0.296s] Level 1:colcon.colcon_core.package_identification:_identify(src) by extension 'cmake'
[0.296s] Level 1:colcon.colcon_core.package_identification:_identify(src) by extension 'python'
[0.296s] Level 1:colcon.colcon_core.package_identification:_identify(src) by extensions ['python_setup_py']
[0.296s] Level 1:colcon.colcon_core.package_identification:_identify(src) by extension 'python_setup_py'
[0.297s] Level 1:colcon.colcon_core.package_identification:_identify(src/robot_description) by extensions ['ignore', 'ignore_ament_install']
[0.297s] Level 1:colcon.colcon_core.package_identification:_identify(src/robot_description) by extension 'ignore'
[0.297s] Level 1:colcon.colcon_core.package_identification:_identify(src/robot_description) by extension 'ignore_ament_install'
[0.297s] Level 1:colcon.colcon_core.package_identification:_identify(src/robot_description) by extensions ['colcon_pkg']
[0.297s] Level 1:colcon.colcon_core.package_identification:_identify(src/robot_description) by extension 'colcon_pkg'
[0.297s] Level 1:colcon.colcon_core.package_identification:_identify(src/robot_description) by extensions ['colcon_meta']
[0.297s] Level 1:colcon.colcon_core.package_identification:_identify(src/robot_description) by extension 'colcon_meta'
[0.297s] Level 1:colcon.colcon_core.package_identification:_identify(src/robot_description) by extensions ['ros']
[0.297s] Level 1:colcon.colcon_core.package_identification:_identify(src/robot_description) by extension 'ros'
[0.297s] Level 1:colcon.colcon_core.package_identification:_identify(src/robot_description) by extensions ['cmake', 'python']
[0.297s] Level 1:colcon.colcon_core.package_identification:_identify(src/robot_description) by extension 'cmake'
[0.297s] Level 1:colcon.colcon_core.package_identification:_identify(src/robot_description) by extension 'python'
[0.297s] Level 1:colcon.colcon_core.package_identification:_identify(src/robot_description) by extensions ['python_setup_py']
[0.297s] Level 1:colcon.colcon_core.package_identification:_identify(src/robot_description) by extension 'python_setup_py'
[0.297s] Level 1:colcon.colcon_core.package_identification:_identify(src/robot_description/meshes) by extensions ['ignore', 'ignore_ament_install']
[0.297s] Level 1:colcon.colcon_core.package_identification:_identify(src/robot_description/meshes) by extension 'ignore'
[0.297s] Level 1:colcon.colcon_core.package_identification:_identify(src/robot_description/meshes) by extension 'ignore_ament_install'
[0.297s] Level 1:colcon.colcon_core.package_identification:_identify(src/robot_description/meshes) by extensions ['colcon_pkg']
[0.297s] Level 1:colcon.colcon_core.package_identification:_identify(src/robot_description/meshes) by extension 'colcon_pkg'
[0.297s] Level 1:colcon.colcon_core.package_identification:_identify(src/robot_description/meshes) by extensions ['colcon_meta']
[0.297s] Level 1:colcon.colcon_core.package_identification:_identify(src/robot_description/meshes) by extension 'colcon_meta'
[0.297s] Level 1:colcon.colcon_core.package_identification:_identify(src/robot_description/meshes) by extensions ['ros']
[0.297s] Level 1:colcon.colcon_core.package_identification:_identify(src/robot_description/meshes) by extension 'ros'
[0.297s] Level 1:colcon.colcon_core.package_identification:_identify(src/robot_description/meshes) by extensions ['cmake', 'python']
[0.298s] Level 1:colcon.colcon_core.package_identification:_identify(src/robot_description/meshes) by extension 'cmake'
[0.298s] Level 1:colcon.colcon_core.package_identification:_identify(src/robot_description/meshes) by extension 'python'
[0.298s] Level 1:colcon.colcon_core.package_identification:_identify(src/robot_description/meshes) by extensions ['python_setup_py']
[0.298s] Level 1:colcon.colcon_core.package_identification:_identify(src/robot_description/meshes) by extension 'python_setup_py'
[0.298s] Level 1:colcon.colcon_core.package_identification:_identify(src/robot_description/urdf) by extensions ['ignore', 'ignore_ament_install']
[0.298s] Level 1:colcon.colcon_core.package_identification:_identify(src/robot_description/urdf) by extension 'ignore'
[0.298s] Level 1:colcon.colcon_core.package_identification:_identify(src/robot_description/urdf) by extension 'ignore_ament_install'
[0.298s] Level 1:colcon.colcon_core.package_identification:_identify(src/robot_description/urdf) by extensions ['colcon_pkg']
[0.298s] Level 1:colcon.colcon_core.package_identification:_identify(src/robot_description/urdf) by extension 'colcon_pkg'
[0.298s] Level 1:colcon.colcon_core.package_identification:_identify(src/robot_description/urdf) by extensions ['colcon_meta']
[0.298s] Level 1:colcon.colcon_core.package_identification:_identify(src/robot_description/urdf) by extension 'colcon_meta'
[0.298s] Level 1:colcon.colcon_core.package_identification:_identify(src/robot_description/urdf) by extensions ['ros']
[0.298s] Level 1:colcon.colcon_core.package_identification:_identify(src/robot_description/urdf) by extension 'ros'
[0.298s] Level 1:colcon.colcon_core.package_identification:_identify(src/robot_description/urdf) by extensions ['cmake', 'python']
[0.298s] Level 1:colcon.colcon_core.package_identification:_identify(src/robot_description/urdf) by extension 'cmake'
[0.298s] Level 1:colcon.colcon_core.package_identification:_identify(src/robot_description/urdf) by extension 'python'
[0.298s] Level 1:colcon.colcon_core.package_identification:_identify(src/robot_description/urdf) by extensions ['python_setup_py']
[0.298s] Level 1:colcon.colcon_core.package_identification:_identify(src/robot_description/urdf) by extension 'python_setup_py'
[0.298s] Level 1:colcon.colcon_core.package_identification:_identify(src/robot_description/urdf/summit_xl) by extensions ['ignore', 'ignore_ament_install']
[0.298s] Level 1:colcon.colcon_core.package_identification:_identify(src/robot_description/urdf/summit_xl) by extension 'ignore'
[0.298s] Level 1:colcon.colcon_core.package_identification:_identify(src/robot_description/urdf/summit_xl) by extension 'ignore_ament_install'
[0.298s] Level 1:colcon.colcon_core.package_identification:_identify(src/robot_description/urdf/summit_xl) by extensions ['colcon_pkg']
[0.298s] Level 1:colcon.colcon_core.package_identification:_identify(src/robot_description/urdf/summit_xl) by extension 'colcon_pkg'
[0.298s] Level 1:colcon.colcon_core.package_identification:_identify(src/robot_description/urdf/summit_xl) by extensions ['colcon_meta']
[0.298s] Level 1:colcon.colcon_core.package_identification:_identify(src/robot_description/urdf/summit_xl) by extension 'colcon_meta'
[0.299s] Level 1:colcon.colcon_core.package_identification:_identify(src/robot_description/urdf/summit_xl) by extensions ['ros']
[0.299s] Level 1:colcon.colcon_core.package_identification:_identify(src/robot_description/urdf/summit_xl) by extension 'ros'
[0.299s] Level 1:colcon.colcon_core.package_identification:_identify(src/robot_description/urdf/summit_xl) by extensions ['cmake', 'python']
[0.299s] Level 1:colcon.colcon_core.package_identification:_identify(src/robot_description/urdf/summit_xl) by extension 'cmake'
[0.299s] Level 1:colcon.colcon_core.package_identification:_identify(src/robot_description/urdf/summit_xl) by extension 'python'
[0.299s] Level 1:colcon.colcon_core.package_identification:_identify(src/robot_description/urdf/summit_xl) by extensions ['python_setup_py']
[0.299s] Level 1:colcon.colcon_core.package_identification:_identify(src/robot_description/urdf/summit_xl) by extension 'python_setup_py'
[0.299s] Level 1:colcon.colcon_core.package_identification:_identify(src/robot_description/urdf/summit_xl_new) by extensions ['ignore', 'ignore_ament_install']
[0.299s] Level 1:colcon.colcon_core.package_identification:_identify(src/robot_description/urdf/summit_xl_new) by extension 'ignore'
[0.299s] Level 1:colcon.colcon_core.package_identification:_identify(src/robot_description/urdf/summit_xl_new) by extension 'ignore_ament_install'
[0.299s] Level 1:colcon.colcon_core.package_identification:_identify(src/robot_description/urdf/summit_xl_new) by extensions ['colcon_pkg']
[0.299s] Level 1:colcon.colcon_core.package_identification:_identify(src/robot_description/urdf/summit_xl_new) by extension 'colcon_pkg'
[0.299s] Level 1:colcon.colcon_core.package_identification:_identify(src/robot_description/urdf/summit_xl_new) by extensions ['colcon_meta']
[0.299s] Level 1:colcon.colcon_core.package_identification:_identify(src/robot_description/urdf/summit_xl_new) by extension 'colcon_meta'
[0.299s] Level 1:colcon.colcon_core.package_identification:_identify(src/robot_description/urdf/summit_xl_new) by extensions ['ros']
[0.299s] Level 1:colcon.colcon_core.package_identification:_identify(src/robot_description/urdf/summit_xl_new) by extension 'ros'
[0.299s] Level 1:colcon.colcon_core.package_identification:_identify(src/robot_description/urdf/summit_xl_new) by extensions ['cmake', 'python']
[0.299s] Level 1:colcon.colcon_core.package_identification:_identify(src/robot_description/urdf/summit_xl_new) by extension 'cmake'
[0.299s] Level 1:colcon.colcon_core.package_identification:_identify(src/robot_description/urdf/summit_xl_new) by extension 'python'
[0.299s] Level 1:colcon.colcon_core.package_identification:_identify(src/robot_description/urdf/summit_xl_new) by extensions ['python_setup_py']
[0.299s] Level 1:colcon.colcon_core.package_identification:_identify(src/robot_description/urdf/summit_xl_new) by extension 'python_setup_py'
[0.299s] Level 1:colcon.colcon_core.package_identification:_identify(src/robot_description/urdf/summit_xl_new_two) by extensions ['ignore', 'ignore_ament_install']
[0.300s] Level 1:colcon.colcon_core.package_identification:_identify(src/robot_description/urdf/summit_xl_new_two) by extension 'ignore'
[0.300s] Level 1:colcon.colcon_core.package_identification:_identify(src/robot_description/urdf/summit_xl_new_two) by extension 'ignore_ament_install'
[0.300s] Level 1:colcon.colcon_core.package_identification:_identify(src/robot_description/urdf/summit_xl_new_two) by extensions ['colcon_pkg']
[0.300s] Level 1:colcon.colcon_core.package_identification:_identify(src/robot_description/urdf/summit_xl_new_two) by extension 'colcon_pkg'
[0.300s] Level 1:colcon.colcon_core.package_identification:_identify(src/robot_description/urdf/summit_xl_new_two) by extensions ['colcon_meta']
[0.300s] Level 1:colcon.colcon_core.package_identification:_identify(src/robot_description/urdf/summit_xl_new_two) by extension 'colcon_meta'
[0.300s] Level 1:colcon.colcon_core.package_identification:_identify(src/robot_description/urdf/summit_xl_new_two) by extensions ['ros']
[0.300s] Level 1:colcon.colcon_core.package_identification:_identify(src/robot_description/urdf/summit_xl_new_two) by extension 'ros'
[0.300s] Level 1:colcon.colcon_core.package_identification:_identify(src/robot_description/urdf/summit_xl_new_two) by extensions ['cmake', 'python']
[0.300s] Level 1:colcon.colcon_core.package_identification:_identify(src/robot_description/urdf/summit_xl_new_two) by extension 'cmake'
[0.300s] Level 1:colcon.colcon_core.package_identification:_identify(src/robot_description/urdf/summit_xl_new_two) by extension 'python'
[0.300s] Level 1:colcon.colcon_core.package_identification:_identify(src/robot_description/urdf/summit_xl_new_two) by extensions ['python_setup_py']
[0.300s] Level 1:colcon.colcon_core.package_identification:_identify(src/robot_description/urdf/summit_xl_new_two) by extension 'python_setup_py'
[0.300s] Level 1:colcon.colcon_core.package_identification:_identify(src/summit_navigation) by extensions ['ignore', 'ignore_ament_install']
[0.300s] Level 1:colcon.colcon_core.package_identification:_identify(src/summit_navigation) by extension 'ignore'
[0.300s] Level 1:colcon.colcon_core.package_identification:_identify(src/summit_navigation) by extension 'ignore_ament_install'
[0.300s] Level 1:colcon.colcon_core.package_identification:_identify(src/summit_navigation) by extensions ['colcon_pkg']
[0.300s] Level 1:colcon.colcon_core.package_identification:_identify(src/summit_navigation) by extension 'colcon_pkg'
[0.300s] Level 1:colcon.colcon_core.package_identification:_identify(src/summit_navigation) by extensions ['colcon_meta']
[0.300s] Level 1:colcon.colcon_core.package_identification:_identify(src/summit_navigation) by extension 'colcon_meta'
[0.300s] Level 1:colcon.colcon_core.package_identification:_identify(src/summit_navigation) by extensions ['ros']
[0.300s] Level 1:colcon.colcon_core.package_identification:_identify(src/summit_navigation) by extension 'ros'
[0.302s] DEBUG:colcon.colcon_core.package_identification:Package 'src/summit_navigation' with type 'ros.ament_cmake' and name 'summit_navigation'
[0.302s] Level 1:colcon.colcon_core.package_discovery:discover_packages(recursive) using defaults
[0.303s] Level 1:colcon.colcon_core.package_discovery:discover_packages(ignore) discover
[0.303s] Level 1:colcon.colcon_core.package_discovery:discover_packages(ignore) using defaults
[0.303s] Level 1:colcon.colcon_core.package_discovery:discover_packages(path) discover
[0.303s] Level 1:colcon.colcon_core.package_discovery:discover_packages(path) using defaults
[0.320s] Level 1:colcon.colcon_core.package_discovery:discover_packages(prefix_path) check parameters
[0.320s] Level 1:colcon.colcon_core.package_discovery:discover_packages(prefix_path) discover
[0.321s] Level 1:colcon.colcon_core.package_discovery:discover_packages(prefix_path) using defaults
[0.322s] Level 5:colcon.colcon_core.verb:set package 'summit_navigation' build argument 'cmake_args' from command line to 'None'
[0.322s] Level 5:colcon.colcon_core.verb:set package 'summit_navigation' build argument 'cmake_target' from command line to 'None'
[0.322s] Level 5:colcon.colcon_core.verb:set package 'summit_navigation' build argument 'cmake_target_skip_unavailable' from command line to 'False'
[0.322s] Level 5:colcon.colcon_core.verb:set package 'summit_navigation' build argument 'cmake_clean_cache' from command line to 'False'
[0.322s] Level 5:colcon.colcon_core.verb:set package 'summit_navigation' build argument 'cmake_clean_first' from command line to 'False'
[0.323s] Level 5:colcon.colcon_core.verb:set package 'summit_navigation' build argument 'cmake_force_configure' from command line to 'False'
[0.323s] Level 5:colcon.colcon_core.verb:set package 'summit_navigation' build argument 'ament_cmake_args' from command line to 'None'
[0.323s] Level 5:colcon.colcon_core.verb:set package 'summit_navigation' build argument 'catkin_cmake_args' from command line to 'None'
[0.323s] Level 5:colcon.colcon_core.verb:set package 'summit_navigation' build argument 'catkin_skip_building_tests' from command line to 'False'
[0.323s] DEBUG:colcon.colcon_core.verb:Building package 'summit_navigation' with the following arguments: {'ament_cmake_args': None, 'build_base': '/home/matej/Desktop/summit_xl_ws/build/summit_navigation', 'catkin_cmake_args': None, 'catkin_skip_building_tests': False, 'cmake_args': None, 'cmake_clean_cache': False, 'cmake_clean_first': False, 'cmake_force_configure': False, 'cmake_target': None, 'cmake_target_skip_unavailable': False, 'install_base': '/home/matej/Desktop/summit_xl_ws/install/summit_navigation', 'merge_install': False, 'path': '/home/matej/Desktop/summit_xl_ws/src/summit_navigation', 'symlink_install': False, 'test_result_base': None}
[0.323s] INFO:colcon.colcon_core.executor:Executing jobs using 'parallel' executor
[0.326s] DEBUG:colcon.colcon_parallel_executor.executor.parallel:run_until_complete
[0.326s] INFO:colcon.colcon_ros.task.ament_cmake.build:Building ROS package in '/home/matej/Desktop/summit_xl_ws/src/summit_navigation' with build type 'ament_cmake'
[0.327s] INFO:colcon.colcon_cmake.task.cmake.build:Building CMake package in '/home/matej/Desktop/summit_xl_ws/src/summit_navigation'
[0.332s] INFO:colcon.colcon_core.plugin_system:Skipping extension 'colcon_core.shell.bat': Not used on non-Windows systems
[0.332s] INFO:colcon.colcon_core.shell:Skip shell extension 'powershell' for command environment: Not usable outside of PowerShell
[0.332s] DEBUG:colcon.colcon_core.shell:Skip shell extension 'dsv' for command environment
[0.341s] DEBUG:colcon.colcon_core.event_handler.log_command:Invoking command in '/home/matej/Desktop/summit_xl_ws/build/summit_navigation': /usr/bin/cmake --build /home/matej/Desktop/summit_xl_ws/build/summit_navigation -- -j16 -l16
[0.375s] DEBUG:colcon.colcon_core.event_handler.log_command:Invoked command in '/home/matej/Desktop/summit_xl_ws/build/summit_navigation' returned '0': /usr/bin/cmake --build /home/matej/Desktop/summit_xl_ws/build/summit_navigation -- -j16 -l16
[0.402s] DEBUG:colcon.colcon_core.event_handler.log_command:Invoking command in '/home/matej/Desktop/summit_xl_ws/build/summit_navigation': /usr/bin/cmake --install /home/matej/Desktop/summit_xl_ws/build/summit_navigation
[0.414s] Level 1:colcon.colcon_core.environment:create_environment_scripts_only(summit_navigation)
[0.415s] DEBUG:colcon.colcon_core.event_handler.log_command:Invoked command in '/home/matej/Desktop/summit_xl_ws/build/summit_navigation' returned '0': /usr/bin/cmake --install /home/matej/Desktop/summit_xl_ws/build/summit_navigation
[0.419s] Level 1:colcon.colcon_core.environment:checking '/home/matej/Desktop/summit_xl_ws/install/summit_navigation' for CMake module files
[0.419s] Level 1:colcon.colcon_core.environment:checking '/home/matej/Desktop/summit_xl_ws/install/summit_navigation' for CMake config files
[0.420s] Level 1:colcon.colcon_core.shell:create_environment_hook('summit_navigation', 'cmake_prefix_path')
[0.421s] INFO:colcon.colcon_core.shell:Creating environment hook '/home/matej/Desktop/summit_xl_ws/install/summit_navigation/share/summit_navigation/hook/cmake_prefix_path.ps1'
[0.422s] INFO:colcon.colcon_core.shell:Creating environment descriptor '/home/matej/Desktop/summit_xl_ws/install/summit_navigation/share/summit_navigation/hook/cmake_prefix_path.dsv'
[0.422s] INFO:colcon.colcon_core.shell:Creating environment hook '/home/matej/Desktop/summit_xl_ws/install/summit_navigation/share/summit_navigation/hook/cmake_prefix_path.sh'
[0.423s] Level 1:colcon.colcon_core.environment:checking '/home/matej/Desktop/summit_xl_ws/install/summit_navigation/bin'
[0.423s] Level 1:colcon.colcon_core.environment:checking '/home/matej/Desktop/summit_xl_ws/install/summit_navigation/lib/pkgconfig/summit_navigation.pc'
[0.424s] Level 1:colcon.colcon_core.environment:checking '/home/matej/Desktop/summit_xl_ws/install/summit_navigation/lib/python3.8/site-packages'
[0.424s] Level 1:colcon.colcon_core.environment:checking '/home/matej/Desktop/summit_xl_ws/install/summit_navigation/bin'
[0.425s] INFO:colcon.colcon_core.shell:Creating package script '/home/matej/Desktop/summit_xl_ws/install/summit_navigation/share/summit_navigation/package.ps1'
[0.427s] INFO:colcon.colcon_core.shell:Creating package descriptor '/home/matej/Desktop/summit_xl_ws/install/summit_navigation/share/summit_navigation/package.dsv'
[0.428s] INFO:colcon.colcon_core.shell:Creating package script '/home/matej/Desktop/summit_xl_ws/install/summit_navigation/share/summit_navigation/package.sh'
[0.429s] INFO:colcon.colcon_core.shell:Creating package script '/home/matej/Desktop/summit_xl_ws/install/summit_navigation/share/summit_navigation/package.bash'
[0.429s] INFO:colcon.colcon_core.shell:Creating package script '/home/matej/Desktop/summit_xl_ws/install/summit_navigation/share/summit_navigation/package.zsh'
[0.430s] Level 1:colcon.colcon_core.environment:create_file_with_runtime_dependencies(/home/matej/Desktop/summit_xl_ws/install/summit_navigation/share/colcon-core/packages/summit_navigation)
[0.447s] Level 1:colcon.colcon_core.environment:create_environment_scripts_only(summit_navigation)
[0.450s] Level 1:colcon.colcon_core.environment:checking '/home/matej/Desktop/summit_xl_ws/install/summit_navigation' for CMake module files
[0.450s] Level 1:colcon.colcon_core.environment:checking '/home/matej/Desktop/summit_xl_ws/install/summit_navigation' for CMake config files
[0.450s] Level 1:colcon.colcon_core.shell:create_environment_hook('summit_navigation', 'cmake_prefix_path')
[0.451s] INFO:colcon.colcon_core.shell:Creating environment hook '/home/matej/Desktop/summit_xl_ws/install/summit_navigation/share/summit_navigation/hook/cmake_prefix_path.ps1'
[0.452s] INFO:colcon.colcon_core.shell:Creating environment descriptor '/home/matej/Desktop/summit_xl_ws/install/summit_navigation/share/summit_navigation/hook/cmake_prefix_path.dsv'
[0.452s] INFO:colcon.colcon_core.shell:Creating environment hook '/home/matej/Desktop/summit_xl_ws/install/summit_navigation/share/summit_navigation/hook/cmake_prefix_path.sh'
[0.453s] Level 1:colcon.colcon_core.environment:checking '/home/matej/Desktop/summit_xl_ws/install/summit_navigation/bin'
[0.453s] Level 1:colcon.colcon_core.environment:checking '/home/matej/Desktop/summit_xl_ws/install/summit_navigation/lib/pkgconfig/summit_navigation.pc'
[0.453s] Level 1:colcon.colcon_core.environment:checking '/home/matej/Desktop/summit_xl_ws/install/summit_navigation/lib/python3.8/site-packages'
[0.454s] Level 1:colcon.colcon_core.environment:checking '/home/matej/Desktop/summit_xl_ws/install/summit_navigation/bin'
[0.456s] INFO:colcon.colcon_core.shell:Creating package script '/home/matej/Desktop/summit_xl_ws/install/summit_navigation/share/summit_navigation/package.ps1'
[0.456s] INFO:colcon.colcon_core.shell:Creating package descriptor '/home/matej/Desktop/summit_xl_ws/install/summit_navigation/share/summit_navigation/package.dsv'
[0.456s] INFO:colcon.colcon_core.shell:Creating package script '/home/matej/Desktop/summit_xl_ws/install/summit_navigation/share/summit_navigation/package.sh'
[0.457s] INFO:colcon.colcon_core.shell:Creating package script '/home/matej/Desktop/summit_xl_ws/install/summit_navigation/share/summit_navigation/package.bash'
[0.457s] INFO:colcon.colcon_core.shell:Creating package script '/home/matej/Desktop/summit_xl_ws/install/summit_navigation/share/summit_navigation/package.zsh'
[0.457s] Level 1:colcon.colcon_core.environment:create_file_with_runtime_dependencies(/home/matej/Desktop/summit_xl_ws/install/summit_navigation/share/colcon-core/packages/summit_navigation)
[0.457s] DEBUG:colcon.colcon_parallel_executor.executor.parallel:closing loop
[0.458s] DEBUG:colcon.colcon_parallel_executor.executor.parallel:loop closed
[0.458s] DEBUG:colcon.colcon_parallel_executor.executor.parallel:run_until_complete finished with '0'
[0.458s] DEBUG:colcon.colcon_core.event_reactor:joining thread
[0.463s] INFO:colcon.colcon_core.plugin_system:Skipping extension 'colcon_notification.desktop_notification.terminal_notifier': Not used on non-Darwin systems
[0.463s] INFO:colcon.colcon_core.plugin_system:Skipping extension 'colcon_notification.desktop_notification.win32': Not used on non-Windows systems
[0.463s] INFO:colcon.colcon_notification.desktop_notification:Sending desktop notification using 'notify2'
[0.481s] DEBUG:colcon.colcon_core.event_reactor:joined thread
[0.483s] INFO:colcon.colcon_core.shell:Creating prefix script '/home/matej/Desktop/summit_xl_ws/install/local_setup.ps1'
[0.484s] INFO:colcon.colcon_core.shell:Creating prefix util module '/home/matej/Desktop/summit_xl_ws/install/_local_setup_util_ps1.py'
[0.485s] INFO:colcon.colcon_core.shell:Creating prefix chain script '/home/matej/Desktop/summit_xl_ws/install/setup.ps1'
[0.486s] INFO:colcon.colcon_core.shell:Creating prefix script '/home/matej/Desktop/summit_xl_ws/install/local_setup.sh'
[0.487s] INFO:colcon.colcon_core.shell:Creating prefix util module '/home/matej/Desktop/summit_xl_ws/install/_local_setup_util_sh.py'
[0.487s] INFO:colcon.colcon_core.shell:Creating prefix chain script '/home/matej/Desktop/summit_xl_ws/install/setup.sh'
[0.488s] INFO:colcon.colcon_core.shell:Creating prefix script '/home/matej/Desktop/summit_xl_ws/install/local_setup.bash'
[0.489s] INFO:colcon.colcon_core.shell:Creating prefix chain script '/home/matej/Desktop/summit_xl_ws/install/setup.bash'
[0.490s] INFO:colcon.colcon_core.shell:Creating prefix script '/home/matej/Desktop/summit_xl_ws/install/local_setup.zsh'
[0.490s] INFO:colcon.colcon_core.shell:Creating prefix chain script '/home/matej/Desktop/summit_xl_ws/install/setup.zsh'
