-- Install configuration: ""
-- Up-to-date: /home/matej/Desktop/summit_xl_ws/install/summit_navigation/share/summit_navigation/launch
-- Up-to-date: /home/matej/Desktop/summit_xl_ws/install/summit_navigation/share/summit_navigation/launch/summit_navigation.launch.py
-- Up-to-date: /home/matej/Desktop/summit_xl_ws/install/summit_navigation/share/summit_navigation/params
-- Up-to-date: /home/matej/Desktop/summit_xl_ws/install/summit_navigation/share/summit_navigation/params/summit_navigation_params.yaml
-- Up-to-date: /home/matej/Desktop/summit_xl_ws/install/summit_navigation/share/summit_navigation/maps
-- Up-to-date: /home/matej/Desktop/summit_xl_ws/install/summit_navigation/share/summit_navigation/maps/summit_map.yaml
-- Up-to-date: /home/matej/Desktop/summit_xl_ws/install/summit_navigation/share/summit_navigation/maps/summit_map.png
-- Up-to-date: /home/matej/Desktop/summit_xl_ws/install/summit_navigation/share/ament_index/resource_index/package_run_dependencies/summit_navigation
-- Up-to-date: /home/matej/Desktop/summit_xl_ws/install/summit_navigation/share/ament_index/resource_index/parent_prefix_path/summit_navigation
-- Up-to-date: /home/matej/Desktop/summit_xl_ws/install/summit_navigation/share/summit_navigation/environment/ament_prefix_path.sh
-- Up-to-date: /home/matej/Desktop/summit_xl_ws/install/summit_navigation/share/summit_navigation/environment/ament_prefix_path.dsv
-- Up-to-date: /home/matej/Desktop/summit_xl_ws/install/summit_navigation/share/summit_navigation/environment/path.sh
-- Up-to-date: /home/matej/Desktop/summit_xl_ws/install/summit_navigation/share/summit_navigation/environment/path.dsv
-- Up-to-date: /home/matej/Desktop/summit_xl_ws/install/summit_navigation/share/summit_navigation/local_setup.bash
-- Up-to-date: /home/matej/Desktop/summit_xl_ws/install/summit_navigation/share/summit_navigation/local_setup.sh
-- Up-to-date: /home/matej/Desktop/summit_xl_ws/install/summit_navigation/share/summit_navigation/local_setup.zsh
-- Up-to-date: /home/matej/Desktop/summit_xl_ws/install/summit_navigation/share/summit_navigation/local_setup.dsv
-- Installing: /home/matej/Desktop/summit_xl_ws/install/summit_navigation/share/summit_navigation/package.dsv
-- Up-to-date: /home/matej/Desktop/summit_xl_ws/install/summit_navigation/share/ament_index/resource_index/packages/summit_navigation
-- Up-to-date: /home/matej/Desktop/summit_xl_ws/install/summit_navigation/share/summit_navigation/cmake/summit_navigationConfig.cmake
-- Up-to-date: /home/matej/Desktop/summit_xl_ws/install/summit_navigation/share/summit_navigation/cmake/summit_navigationConfig-version.cmake
-- Up-to-date: /home/matej/Desktop/summit_xl_ws/install/summit_navigation/share/summit_navigation/package.xml
