[0.327s] DEBUG:colcon:Command line arguments: ['/usr/bin/colcon', 'build']
[0.327s] DEBUG:colcon:Parsed command line arguments: Namespace(allow_overriding=[], ament_cmake_args=None, base_paths=['.'], build_base='build', catkin_cmake_args=None, catkin_skip_building_tests=False, cmake_args=None, cmake_clean_cache=False, cmake_clean_first=False, cmake_force_configure=False, cmake_target=None, cmake_target_skip_unavailable=False, continue_on_error=False, event_handlers=None, executor='parallel', ignore_user_meta=False, install_base='install', log_base=None, log_level=None, main=<bound method BuildVerb.main of <colcon_core.verb.build.BuildVerb object at 0x7fed73548c70>>, merge_install=False, metas=['./colcon.meta'], packages_above=None, packages_above_and_dependencies=None, packages_above_depth=None, packages_end=None, packages_ignore=None, packages_ignore_regex=None, packages_select=None, packages_select_build_failed=False, packages_select_by_dep=None, packages_select_regex=None, packages_select_test_failures=False, packages_skip=None, packages_skip_build_finished=False, packages_skip_by_dep=None, packages_skip_regex=None, packages_skip_test_passed=False, packages_skip_up_to=None, packages_start=None, packages_up_to=None, packages_up_to_regex=None, parallel_workers=16, paths=None, symlink_install=False, test_result_base=None, verb_extension=<colcon_core.verb.build.BuildVerb object at 0x7fed73548c70>, verb_name='build', verb_parser=<colcon_defaults.argument_parser.defaults.DefaultArgumentsDecorator object at 0x7fed734d1220>)
[0.365s] Level 1:colcon.colcon_core.package_discovery:discover_packages(colcon_meta) check parameters
[0.365s] Level 1:colcon.colcon_core.package_discovery:discover_packages(recursive) check parameters
[0.366s] Level 1:colcon.colcon_core.package_discovery:discover_packages(ignore) check parameters
[0.366s] Level 1:colcon.colcon_core.package_discovery:discover_packages(path) check parameters
[0.366s] Level 1:colcon.colcon_core.package_discovery:discover_packages(colcon_meta) discover
[0.366s] Level 1:colcon.colcon_core.package_discovery:discover_packages(recursive) discover
[0.366s] INFO:colcon.colcon_core.package_discovery:Crawling recursively for packages in '/home/matej/Desktop/summit_xl_ws'
[0.366s] Level 1:colcon.colcon_core.package_identification:_identify(.) by extensions ['ignore', 'ignore_ament_install']
[0.366s] Level 1:colcon.colcon_core.package_identification:_identify(.) by extension 'ignore'
[0.366s] Level 1:colcon.colcon_core.package_identification:_identify(.) by extension 'ignore_ament_install'
[0.366s] Level 1:colcon.colcon_core.package_identification:_identify(.) by extensions ['colcon_pkg']
[0.366s] Level 1:colcon.colcon_core.package_identification:_identify(.) by extension 'colcon_pkg'
[0.366s] Level 1:colcon.colcon_core.package_identification:_identify(.) by extensions ['colcon_meta']
[0.366s] Level 1:colcon.colcon_core.package_identification:_identify(.) by extension 'colcon_meta'
[0.366s] Level 1:colcon.colcon_core.package_identification:_identify(.) by extensions ['ros']
[0.366s] Level 1:colcon.colcon_core.package_identification:_identify(.) by extension 'ros'
[0.391s] Level 1:colcon.colcon_core.package_identification:_identify(.) by extensions ['cmake', 'python']
[0.391s] Level 1:colcon.colcon_core.package_identification:_identify(.) by extension 'cmake'
[0.391s] Level 1:colcon.colcon_core.package_identification:_identify(.) by extension 'python'
[0.391s] Level 1:colcon.colcon_core.package_identification:_identify(.) by extensions ['python_setup_py']
[0.391s] Level 1:colcon.colcon_core.package_identification:_identify(.) by extension 'python_setup_py'
[0.391s] Level 1:colcon.colcon_core.package_identification:_identify(build) by extensions ['ignore', 'ignore_ament_install']
[0.391s] Level 1:colcon.colcon_core.package_identification:_identify(build) by extension 'ignore'
[0.392s] Level 1:colcon.colcon_core.package_identification:_identify(build) ignored
[0.392s] Level 1:colcon.colcon_core.package_identification:_identify(install) by extensions ['ignore', 'ignore_ament_install']
[0.392s] Level 1:colcon.colcon_core.package_identification:_identify(install) by extension 'ignore'
[0.392s] Level 1:colcon.colcon_core.package_identification:_identify(install) ignored
[0.392s] Level 1:colcon.colcon_core.package_identification:_identify(log) by extensions ['ignore', 'ignore_ament_install']
[0.392s] Level 1:colcon.colcon_core.package_identification:_identify(log) by extension 'ignore'
[0.392s] Level 1:colcon.colcon_core.package_identification:_identify(log) ignored
[0.392s] Level 1:colcon.colcon_core.package_identification:_identify(src) by extensions ['ignore', 'ignore_ament_install']
[0.392s] Level 1:colcon.colcon_core.package_identification:_identify(src) by extension 'ignore'
[0.392s] Level 1:colcon.colcon_core.package_identification:_identify(src) by extension 'ignore_ament_install'
[0.392s] Level 1:colcon.colcon_core.package_identification:_identify(src) by extensions ['colcon_pkg']
[0.392s] Level 1:colcon.colcon_core.package_identification:_identify(src) by extension 'colcon_pkg'
[0.392s] Level 1:colcon.colcon_core.package_identification:_identify(src) by extensions ['colcon_meta']
[0.392s] Level 1:colcon.colcon_core.package_identification:_identify(src) by extension 'colcon_meta'
[0.393s] Level 1:colcon.colcon_core.package_identification:_identify(src) by extensions ['ros']
[0.393s] Level 1:colcon.colcon_core.package_identification:_identify(src) by extension 'ros'
[0.393s] Level 1:colcon.colcon_core.package_identification:_identify(src) by extensions ['cmake', 'python']
[0.393s] Level 1:colcon.colcon_core.package_identification:_identify(src) by extension 'cmake'
[0.393s] Level 1:colcon.colcon_core.package_identification:_identify(src) by extension 'python'
[0.393s] Level 1:colcon.colcon_core.package_identification:_identify(src) by extensions ['python_setup_py']
[0.393s] Level 1:colcon.colcon_core.package_identification:_identify(src) by extension 'python_setup_py'
[0.393s] Level 1:colcon.colcon_core.package_identification:_identify(src/summit_navigation) by extensions ['ignore', 'ignore_ament_install']
[0.393s] Level 1:colcon.colcon_core.package_identification:_identify(src/summit_navigation) by extension 'ignore'
[0.393s] Level 1:colcon.colcon_core.package_identification:_identify(src/summit_navigation) by extension 'ignore_ament_install'
[0.393s] Level 1:colcon.colcon_core.package_identification:_identify(src/summit_navigation) by extensions ['colcon_pkg']
[0.393s] Level 1:colcon.colcon_core.package_identification:_identify(src/summit_navigation) by extension 'colcon_pkg'
[0.393s] Level 1:colcon.colcon_core.package_identification:_identify(src/summit_navigation) by extensions ['colcon_meta']
[0.393s] Level 1:colcon.colcon_core.package_identification:_identify(src/summit_navigation) by extension 'colcon_meta'
[0.393s] Level 1:colcon.colcon_core.package_identification:_identify(src/summit_navigation) by extensions ['ros']
[0.393s] Level 1:colcon.colcon_core.package_identification:_identify(src/summit_navigation) by extension 'ros'
[0.397s] DEBUG:colcon.colcon_core.package_identification:Package 'src/summit_navigation' with type 'ros.ament_cmake' and name 'summit_navigation'
[0.397s] Level 1:colcon.colcon_core.package_discovery:discover_packages(recursive) using defaults
[0.397s] Level 1:colcon.colcon_core.package_discovery:discover_packages(ignore) discover
[0.397s] Level 1:colcon.colcon_core.package_discovery:discover_packages(ignore) using defaults
[0.397s] Level 1:colcon.colcon_core.package_discovery:discover_packages(path) discover
[0.397s] Level 1:colcon.colcon_core.package_discovery:discover_packages(path) using defaults
[0.423s] Level 1:colcon.colcon_core.package_discovery:discover_packages(prefix_path) check parameters
[0.423s] Level 1:colcon.colcon_core.package_discovery:discover_packages(prefix_path) discover
[0.427s] DEBUG:colcon.colcon_installed_package_information.package_discovery:Found 1 installed packages in /home/matej/Desktop/summit_xl_ws/install
[0.430s] DEBUG:colcon.colcon_installed_package_information.package_discovery:Found 314 installed packages in /opt/ros/foxy
[0.432s] Level 1:colcon.colcon_core.package_discovery:discover_packages(prefix_path) using defaults
[0.535s] Level 5:colcon.colcon_core.verb:set package 'summit_navigation' build argument 'cmake_args' from command line to 'None'
[0.535s] Level 5:colcon.colcon_core.verb:set package 'summit_navigation' build argument 'cmake_target' from command line to 'None'
[0.535s] Level 5:colcon.colcon_core.verb:set package 'summit_navigation' build argument 'cmake_target_skip_unavailable' from command line to 'False'
[0.535s] Level 5:colcon.colcon_core.verb:set package 'summit_navigation' build argument 'cmake_clean_cache' from command line to 'False'
[0.535s] Level 5:colcon.colcon_core.verb:set package 'summit_navigation' build argument 'cmake_clean_first' from command line to 'False'
[0.535s] Level 5:colcon.colcon_core.verb:set package 'summit_navigation' build argument 'cmake_force_configure' from command line to 'False'
[0.535s] Level 5:colcon.colcon_core.verb:set package 'summit_navigation' build argument 'ament_cmake_args' from command line to 'None'
[0.535s] Level 5:colcon.colcon_core.verb:set package 'summit_navigation' build argument 'catkin_cmake_args' from command line to 'None'
[0.535s] Level 5:colcon.colcon_core.verb:set package 'summit_navigation' build argument 'catkin_skip_building_tests' from command line to 'False'
[0.535s] DEBUG:colcon.colcon_core.verb:Building package 'summit_navigation' with the following arguments: {'ament_cmake_args': None, 'build_base': '/home/matej/Desktop/summit_xl_ws/build/summit_navigation', 'catkin_cmake_args': None, 'catkin_skip_building_tests': False, 'cmake_args': None, 'cmake_clean_cache': False, 'cmake_clean_first': False, 'cmake_force_configure': False, 'cmake_target': None, 'cmake_target_skip_unavailable': False, 'install_base': '/home/matej/Desktop/summit_xl_ws/install/summit_navigation', 'merge_install': False, 'path': '/home/matej/Desktop/summit_xl_ws/src/summit_navigation', 'symlink_install': False, 'test_result_base': None}
[0.536s] INFO:colcon.colcon_core.executor:Executing jobs using 'parallel' executor
[0.538s] DEBUG:colcon.colcon_parallel_executor.executor.parallel:run_until_complete
[0.539s] INFO:colcon.colcon_ros.task.ament_cmake.build:Building ROS package in '/home/matej/Desktop/summit_xl_ws/src/summit_navigation' with build type 'ament_cmake'
[0.539s] INFO:colcon.colcon_cmake.task.cmake.build:Building CMake package in '/home/matej/Desktop/summit_xl_ws/src/summit_navigation'
[0.543s] INFO:colcon.colcon_core.plugin_system:Skipping extension 'colcon_core.shell.bat': Not used on non-Windows systems
[0.543s] INFO:colcon.colcon_core.shell:Skip shell extension 'powershell' for command environment: Not usable outside of PowerShell
[0.544s] DEBUG:colcon.colcon_core.shell:Skip shell extension 'dsv' for command environment
[0.553s] DEBUG:colcon.colcon_core.event_handler.log_command:Invoking command in '/home/matej/Desktop/summit_xl_ws/build/summit_navigation': CMAKE_PREFIX_PATH=${CMAKE_PREFIX_PATH}:/opt/ros/foxy /usr/bin/cmake --build /home/matej/Desktop/summit_xl_ws/build/summit_navigation -- -j16 -l16
[0.608s] DEBUG:colcon.colcon_core.event_handler.log_command:Invoked command in '/home/matej/Desktop/summit_xl_ws/build/summit_navigation' returned '0': CMAKE_PREFIX_PATH=${CMAKE_PREFIX_PATH}:/opt/ros/foxy /usr/bin/cmake --build /home/matej/Desktop/summit_xl_ws/build/summit_navigation -- -j16 -l16
[0.636s] DEBUG:colcon.colcon_core.event_handler.log_command:Invoking command in '/home/matej/Desktop/summit_xl_ws/build/summit_navigation': CMAKE_PREFIX_PATH=${CMAKE_PREFIX_PATH}:/opt/ros/foxy /usr/bin/cmake --install /home/matej/Desktop/summit_xl_ws/build/summit_navigation
[0.644s] Level 1:colcon.colcon_core.environment:create_environment_scripts_only(summit_navigation)
[0.645s] DEBUG:colcon.colcon_core.event_handler.log_command:Invoked command in '/home/matej/Desktop/summit_xl_ws/build/summit_navigation' returned '0': CMAKE_PREFIX_PATH=${CMAKE_PREFIX_PATH}:/opt/ros/foxy /usr/bin/cmake --install /home/matej/Desktop/summit_xl_ws/build/summit_navigation
[0.652s] Level 1:colcon.colcon_core.environment:checking '/home/matej/Desktop/summit_xl_ws/install/summit_navigation' for CMake module files
[0.653s] Level 1:colcon.colcon_core.environment:checking '/home/matej/Desktop/summit_xl_ws/install/summit_navigation' for CMake config files
[0.653s] Level 1:colcon.colcon_core.shell:create_environment_hook('summit_navigation', 'cmake_prefix_path')
[0.654s] INFO:colcon.colcon_core.shell:Creating environment hook '/home/matej/Desktop/summit_xl_ws/install/summit_navigation/share/summit_navigation/hook/cmake_prefix_path.ps1'
[0.655s] INFO:colcon.colcon_core.shell:Creating environment descriptor '/home/matej/Desktop/summit_xl_ws/install/summit_navigation/share/summit_navigation/hook/cmake_prefix_path.dsv'
[0.656s] INFO:colcon.colcon_core.shell:Creating environment hook '/home/matej/Desktop/summit_xl_ws/install/summit_navigation/share/summit_navigation/hook/cmake_prefix_path.sh'
[0.657s] Level 1:colcon.colcon_core.environment:checking '/home/matej/Desktop/summit_xl_ws/install/summit_navigation/bin'
[0.657s] Level 1:colcon.colcon_core.environment:checking '/home/matej/Desktop/summit_xl_ws/install/summit_navigation/lib/pkgconfig/summit_navigation.pc'
[0.657s] Level 1:colcon.colcon_core.environment:checking '/home/matej/Desktop/summit_xl_ws/install/summit_navigation/lib/python3.8/site-packages'
[0.657s] Level 1:colcon.colcon_core.environment:checking '/home/matej/Desktop/summit_xl_ws/install/summit_navigation/bin'
[0.658s] INFO:colcon.colcon_core.shell:Creating package script '/home/matej/Desktop/summit_xl_ws/install/summit_navigation/share/summit_navigation/package.ps1'
[0.659s] INFO:colcon.colcon_core.shell:Creating package descriptor '/home/matej/Desktop/summit_xl_ws/install/summit_navigation/share/summit_navigation/package.dsv'
[0.660s] INFO:colcon.colcon_core.shell:Creating package script '/home/matej/Desktop/summit_xl_ws/install/summit_navigation/share/summit_navigation/package.sh'
[0.661s] INFO:colcon.colcon_core.shell:Creating package script '/home/matej/Desktop/summit_xl_ws/install/summit_navigation/share/summit_navigation/package.bash'
[0.661s] INFO:colcon.colcon_core.shell:Creating package script '/home/matej/Desktop/summit_xl_ws/install/summit_navigation/share/summit_navigation/package.zsh'
[0.662s] Level 1:colcon.colcon_core.environment:create_file_with_runtime_dependencies(/home/matej/Desktop/summit_xl_ws/install/summit_navigation/share/colcon-core/packages/summit_navigation)
[0.681s] Level 1:colcon.colcon_core.environment:create_environment_scripts_only(summit_navigation)
[0.684s] Level 1:colcon.colcon_core.environment:checking '/home/matej/Desktop/summit_xl_ws/install/summit_navigation' for CMake module files
[0.685s] Level 1:colcon.colcon_core.environment:checking '/home/matej/Desktop/summit_xl_ws/install/summit_navigation' for CMake config files
[0.685s] Level 1:colcon.colcon_core.shell:create_environment_hook('summit_navigation', 'cmake_prefix_path')
[0.687s] INFO:colcon.colcon_core.shell:Creating environment hook '/home/matej/Desktop/summit_xl_ws/install/summit_navigation/share/summit_navigation/hook/cmake_prefix_path.ps1'
[0.688s] INFO:colcon.colcon_core.shell:Creating environment descriptor '/home/matej/Desktop/summit_xl_ws/install/summit_navigation/share/summit_navigation/hook/cmake_prefix_path.dsv'
[0.688s] INFO:colcon.colcon_core.shell:Creating environment hook '/home/matej/Desktop/summit_xl_ws/install/summit_navigation/share/summit_navigation/hook/cmake_prefix_path.sh'
[0.688s] Level 1:colcon.colcon_core.environment:checking '/home/matej/Desktop/summit_xl_ws/install/summit_navigation/bin'
[0.688s] Level 1:colcon.colcon_core.environment:checking '/home/matej/Desktop/summit_xl_ws/install/summit_navigation/lib/pkgconfig/summit_navigation.pc'
[0.688s] Level 1:colcon.colcon_core.environment:checking '/home/matej/Desktop/summit_xl_ws/install/summit_navigation/lib/python3.8/site-packages'
[0.689s] Level 1:colcon.colcon_core.environment:checking '/home/matej/Desktop/summit_xl_ws/install/summit_navigation/bin'
[0.690s] INFO:colcon.colcon_core.shell:Creating package script '/home/matej/Desktop/summit_xl_ws/install/summit_navigation/share/summit_navigation/package.ps1'
[0.690s] INFO:colcon.colcon_core.shell:Creating package descriptor '/home/matej/Desktop/summit_xl_ws/install/summit_navigation/share/summit_navigation/package.dsv'
[0.690s] INFO:colcon.colcon_core.shell:Creating package script '/home/matej/Desktop/summit_xl_ws/install/summit_navigation/share/summit_navigation/package.sh'
[0.691s] INFO:colcon.colcon_core.shell:Creating package script '/home/matej/Desktop/summit_xl_ws/install/summit_navigation/share/summit_navigation/package.bash'
[0.691s] INFO:colcon.colcon_core.shell:Creating package script '/home/matej/Desktop/summit_xl_ws/install/summit_navigation/share/summit_navigation/package.zsh'
[0.691s] Level 1:colcon.colcon_core.environment:create_file_with_runtime_dependencies(/home/matej/Desktop/summit_xl_ws/install/summit_navigation/share/colcon-core/packages/summit_navigation)
[0.691s] DEBUG:colcon.colcon_parallel_executor.executor.parallel:closing loop
[0.692s] DEBUG:colcon.colcon_parallel_executor.executor.parallel:loop closed
[0.692s] DEBUG:colcon.colcon_parallel_executor.executor.parallel:run_until_complete finished with '0'
[0.692s] DEBUG:colcon.colcon_core.event_reactor:joining thread
[0.700s] INFO:colcon.colcon_core.plugin_system:Skipping extension 'colcon_notification.desktop_notification.terminal_notifier': Not used on non-Darwin systems
[0.700s] INFO:colcon.colcon_core.plugin_system:Skipping extension 'colcon_notification.desktop_notification.win32': Not used on non-Windows systems
[0.700s] INFO:colcon.colcon_notification.desktop_notification:Sending desktop notification using 'notify2'
[0.716s] DEBUG:colcon.colcon_core.event_reactor:joined thread
[0.718s] INFO:colcon.colcon_core.shell:Creating prefix script '/home/matej/Desktop/summit_xl_ws/install/local_setup.ps1'
[0.719s] INFO:colcon.colcon_core.shell:Creating prefix util module '/home/matej/Desktop/summit_xl_ws/install/_local_setup_util_ps1.py'
[0.722s] INFO:colcon.colcon_core.shell:Creating prefix chain script '/home/matej/Desktop/summit_xl_ws/install/setup.ps1'
[0.724s] INFO:colcon.colcon_core.shell:Creating prefix script '/home/matej/Desktop/summit_xl_ws/install/local_setup.sh'
[0.725s] INFO:colcon.colcon_core.shell:Creating prefix util module '/home/matej/Desktop/summit_xl_ws/install/_local_setup_util_sh.py'
[0.726s] INFO:colcon.colcon_core.shell:Creating prefix chain script '/home/matej/Desktop/summit_xl_ws/install/setup.sh'
[0.727s] INFO:colcon.colcon_core.shell:Creating prefix script '/home/matej/Desktop/summit_xl_ws/install/local_setup.bash'
[0.728s] INFO:colcon.colcon_core.shell:Creating prefix chain script '/home/matej/Desktop/summit_xl_ws/install/setup.bash'
[0.729s] INFO:colcon.colcon_core.shell:Creating prefix script '/home/matej/Desktop/summit_xl_ws/install/local_setup.zsh'
[0.730s] INFO:colcon.colcon_core.shell:Creating prefix chain script '/home/matej/Desktop/summit_xl_ws/install/setup.zsh'
